<?xml version="1.0" encoding="UTF-8"?>
<!-- Generated by org.testng.reporters.JUnitXMLReporter -->
<testsuite ignored="0" hostname="IN-PG02NME2" failures="0" tests="6" name="Test" time="26.726" errors="0" timestamp="2023-10-01T13:32:39 IST">
  <testcase classname="tests.LoginTests" name="verifyLoginWithInvalidCredentials" time="0.442"/>
  <testcase classname="tests.LoginTests" name="verifyLoginWithInvalidUsernameAndValidPassword" time="0.445"/>
  <testcase classname="tests.LoginTests" name="verifyLoginWithValidCredentials" time="0.469"/>
  <testcase classname="tests.LoginTests" name="verifyLoginWithValidUsernameAndInvalidPassword" time="0.358"/>
  <testcase classname="tests.ProductListTests" name="verifyIfProductPriceDisplayed" time="0.425"/>
  <testcase classname="tests.LogoutTests" name="verifyLogout" time="1.18"/>
</testsuite> <!-- Test -->
