<?xml version="1.0" encoding="UTF-8"?>
<!-- Generated by org.testng.reporters.JUnitXMLReporter -->
<testsuite ignored="0" hostname="IN-PG02NME2" failures="0" tests="6" name="Test" time="27.846" errors="0" timestamp="2023-10-01T13:46:53 IST">
  <testcase classname="tests.LoginTests" name="verifyLoginWithInvalidCredentials" time="0.393"/>
  <testcase classname="tests.LoginTests" name="verifyLoginWithInvalidUsernameAndValidPassword" time="0.415"/>
  <testcase classname="tests.LoginTests" name="verifyLoginWithValidCredentials" time="0.466"/>
  <testcase classname="tests.LoginTests" name="verifyLoginWithValidUsernameAndInvalidPassword" time="0.404"/>
  <testcase classname="tests.ProductListTests" name="verifyIfProductPriceDisplayed" time="0.463"/>
  <testcase classname="tests.LogoutTests" name="verifyLogout" time="1.222"/>
</testsuite> <!-- Test -->
